c:\users\draga\desktop\c++2.0.net\chapter18\reflecting\debug\vc140.pdb
d:\download c\c++2.0.net\chapter18\reflecting\debug\reflecting.pch
d:\download c\c++2.0.net\chapter18\reflecting\debug\vc140.pdb
d:\download c\c++2.0.net\chapter18\reflecting\debug\stdafx.obj
d:\download c\c++2.0.net\chapter18\reflecting\debug\reflecting.obj
d:\download c\c++2.0.net\chapter18\reflecting\debug\assemblyinfo.obj
d:\download c\c++2.0.net\chapter18\reflecting\debug\.netframework,version=v4.0.assemblyattributes.obj
d:\download c\c++2.0.net\chapter18\reflecting\debug\.netframework,version=v4.0.assemblyattributes.asm
c:\users\draga\desktop\c++2.0.net\chapter18\debug\reflecting.exe
c:\users\draga\desktop\c++2.0.net\chapter18\debug\reflecting.pdb
d:\download c\c++2.0.net\chapter18\debug\reflecting.exe
d:\download c\c++2.0.net\chapter18\debug\reflecting.pdb
c:\users\draga\desktop\c++2.0.net\chapter18\reflecting\debug\reflecting.form1.resources
d:\download c\c++2.0.net\chapter18\reflecting\debug\reflecting.form1.resources
d:\download c\c++2.0.net\chapter18\reflecting\debug\reflecting.vcxproj.generateresource.cache
d:\download c\c++2.0.net\chapter18\reflecting\debug\reflecting.vcxprojresolveassemblyreference.cache
d:\download c\c++2.0.net\chapter18\reflecting\debug\reflecting.tlog\cl.command.1.tlog
d:\download c\c++2.0.net\chapter18\reflecting\debug\reflecting.tlog\cl.read.1.tlog
d:\download c\c++2.0.net\chapter18\reflecting\debug\reflecting.tlog\cl.write.1.tlog
d:\download c\c++2.0.net\chapter18\reflecting\debug\reflecting.tlog\link.command.1.tlog
d:\download c\c++2.0.net\chapter18\reflecting\debug\reflecting.tlog\link.read.1.tlog
d:\download c\c++2.0.net\chapter18\reflecting\debug\reflecting.tlog\link.write.1.tlog
d:\download c\c++2.0.net\chapter18\reflecting\debug\reflecting.tlog\metagen.read.1.tlog
d:\download c\c++2.0.net\chapter18\reflecting\debug\reflecting.tlog\metagen.write.1.tlog
d:\download c\c++2.0.net\chapter18\reflecting\debug\reflecting.tlog\reflecting.write.1u.tlog
d:\download c\c++2.0.net\chapter18\reflecting\debug\reflecting.tlog\tzres.dll.bi
